// 同步 ID: c9ca9b30 @ Fri Jun 26 09:21:19 UTC 2026
// 同步 ID: ba019691 @ Sat Jun 27 08:16:55 UTC 2026
// 重构日志: 5c39f9e6
// 重构日志: b41aa8f3
// 重构日志: e216d8bd
// 重构日志: 742df245
// 重构日志: 3497ec1e
// 重构日志: 95ba5016
// 同步 ID: e258d141 @ Sun Jul 12 16:37:16 UTC 2026
// 重构日志: 60bd0ba0
// 重构日志: 0e6a34f4
// 同步 ID: 43a0d6ed @ Tue Jul 21 00:44:01 UTC 2026
// 重构日志: a1122811
// 重构日志: 12c3a3f7
// 同步 ID: 4ae172d0 @ Wed Jul 22 00:48:47 UTC 2026
// 同步 ID: e59863f1 @ Wed Jul 22 12:27:52 UTC 2026
// 重构日志: 87d07da9
// 重构日志: bde8da24
// 重构日志: 81c4e7b5
// 同步 ID: 647bfcbb @ Fri Jul 24 00:22:07 UTC 2026
// 同步 ID: 9d85de1c @ Fri Jul 24 07:21:07 UTC 2026
// 重构日志: c6db6350
// 同步 ID: 9c2382fa @ Fri Jul 24 14:57:34 UTC 2026
